DEBUG: Checking if dbtDebug() is complete
INFO: Informed scheduler that task   dbtDebug__99914b932b   has status   PENDING
DEBUG: Checking if dbtDeps() is complete
DEBUG: Checking if dbtDebug() is complete
INFO: Informed scheduler that task   dbtDeps__99914b932b   has status   PENDING
INFO: Informed scheduler that task   dbtDebug__99914b932b   has status   PENDING
DEBUG: Checking if dbtRun() is complete
DEBUG: Checking if dbtDeps() is complete
INFO: Informed scheduler that task   dbtRun__99914b932b   has status   PENDING
DEBUG: Checking if dbtDebug() is complete
INFO: Informed scheduler that task   dbtDeps__99914b932b   has status   PENDING
INFO: Informed scheduler that task   dbtDebug__99914b932b   has status   PENDING
DEBUG: Checking if dbtTest() is complete
DEBUG: Checking if dbtRun() is complete
INFO: Informed scheduler that task   dbtTest__99914b932b   has status   PENDING
DEBUG: Checking if dbtDeps() is complete
INFO: Informed scheduler that task   dbtRun__99914b932b   has status   PENDING
DEBUG: Checking if dbtDebug() is complete
INFO: Informed scheduler that task   dbtDeps__99914b932b   has status   PENDING
INFO: Informed scheduler that task   dbtDebug__99914b932b   has status   PENDING
INFO: Done scheduling tasks
INFO: Running Worker with 1 processes
DEBUG: Asking scheduler for work...
DEBUG: Pending tasks: 4
INFO: [pid 95185] Worker Worker(salt=9369280886, workers=1, host=shandytp, username=shandytp, pid=95185) running   dbtDebug()
INFO: [pid 95185] Worker Worker(salt=9369280886, workers=1, host=shandytp, username=shandytp, pid=95185) done      dbtDebug()
DEBUG: 1 running tasks, waiting for next task to finish
INFO: Informed scheduler that task   dbtDebug__99914b932b   has status   DONE
DEBUG: Asking scheduler for work...
DEBUG: Pending tasks: 3
INFO: [pid 95185] Worker Worker(salt=9369280886, workers=1, host=shandytp, username=shandytp, pid=95185) running   dbtDeps()
INFO: [pid 95185] Worker Worker(salt=9369280886, workers=1, host=shandytp, username=shandytp, pid=95185) done      dbtDeps()
DEBUG: 1 running tasks, waiting for next task to finish
INFO: Informed scheduler that task   dbtDeps__99914b932b   has status   DONE
DEBUG: Asking scheduler for work...
DEBUG: Pending tasks: 2
INFO: [pid 95185] Worker Worker(salt=9369280886, workers=1, host=shandytp, username=shandytp, pid=95185) running   dbtRun()
INFO: Worker Worker(salt=9369280886, workers=1, host=shandytp, username=shandytp, pid=95185) was stopped. Shutting down Keep-Alive thread
Success Run dbt debug process
Success Run dbt deps process
Traceback (most recent call last):
  File "/home/shandytp/learn-dbt/live-class-week-7/pacflight_dbt_luigi/elt_pipeline.py", line 155, in <module>
    luigi.build([dbtDebug(), dbtDeps(), dbtRun(), dbtTest()], local_scheduler=True)
  File "/home/shandytp/learn-dbt/venv/lib/python3.9/site-packages/luigi/interface.py", line 243, in build
    luigi_run_result = _schedule_and_run(tasks, worker_scheduler_factory, override_defaults=env_params)
  File "/home/shandytp/learn-dbt/venv/lib/python3.9/site-packages/luigi/interface.py", line 177, in _schedule_and_run
    success &= worker.run()
  File "/home/shandytp/learn-dbt/venv/lib/python3.9/site-packages/luigi/worker.py", line 1259, in run
    self._run_task(get_work_response.task_id)
  File "/home/shandytp/learn-dbt/venv/lib/python3.9/site-packages/luigi/worker.py", line 1062, in _run_task
    task_process.run()
  File "/home/shandytp/learn-dbt/venv/lib/python3.9/site-packages/luigi/worker.py", line 309, in run
    super(ContextManagedTaskProcess, self).run()
  File "/home/shandytp/learn-dbt/venv/lib/python3.9/site-packages/luigi/worker.py", line 210, in run
    new_deps = self._run_get_new_deps()
  File "/home/shandytp/learn-dbt/venv/lib/python3.9/site-packages/luigi/worker.py", line 138, in _run_get_new_deps
    task_gen = self.task.run()
  File "/home/shandytp/learn-dbt/live-class-week-7/pacflight_dbt_luigi/elt_pipeline.py", line 98, in run
    p1 = sp.run(
  File "/home/shandytp/miniconda3/envs/myenv/lib/python3.9/subprocess.py", line 507, in run
    stdout, stderr = process.communicate(input, timeout=timeout)
  File "/home/shandytp/miniconda3/envs/myenv/lib/python3.9/subprocess.py", line 1124, in communicate
    stderr = self.stderr.read()
KeyboardInterrupt
DEBUG: Checking if dbtDebug() is complete
INFO: Informed scheduler that task   dbtDebug__99914b932b   has status   PENDING
DEBUG: Checking if dbtDeps() is complete
DEBUG: Checking if dbtDebug() is complete
INFO: Informed scheduler that task   dbtDeps__99914b932b   has status   PENDING
INFO: Informed scheduler that task   dbtDebug__99914b932b   has status   PENDING
DEBUG: Checking if dbtRun() is complete
DEBUG: Checking if dbtDeps() is complete
INFO: Informed scheduler that task   dbtRun__99914b932b   has status   PENDING
DEBUG: Checking if dbtDebug() is complete
INFO: Informed scheduler that task   dbtDeps__99914b932b   has status   PENDING
INFO: Informed scheduler that task   dbtDebug__99914b932b   has status   PENDING
DEBUG: Checking if dbtTest() is complete
DEBUG: Checking if dbtRun() is complete
INFO: Informed scheduler that task   dbtTest__99914b932b   has status   PENDING
DEBUG: Checking if dbtDeps() is complete
INFO: Informed scheduler that task   dbtRun__99914b932b   has status   PENDING
DEBUG: Checking if dbtDebug() is complete
INFO: Informed scheduler that task   dbtDeps__99914b932b   has status   PENDING
INFO: Informed scheduler that task   dbtDebug__99914b932b   has status   PENDING
INFO: Done scheduling tasks
INFO: Running Worker with 1 processes
DEBUG: Asking scheduler for work...
DEBUG: Pending tasks: 4
INFO: [pid 99225] Worker Worker(salt=2091221384, workers=1, host=shandytp, username=shandytp, pid=99225) running   dbtDebug()
INFO: [pid 99225] Worker Worker(salt=2091221384, workers=1, host=shandytp, username=shandytp, pid=99225) done      dbtDebug()
DEBUG: 1 running tasks, waiting for next task to finish
INFO: Informed scheduler that task   dbtDebug__99914b932b   has status   DONE
DEBUG: Asking scheduler for work...
DEBUG: Pending tasks: 3
INFO: [pid 99225] Worker Worker(salt=2091221384, workers=1, host=shandytp, username=shandytp, pid=99225) running   dbtDeps()
INFO: [pid 99225] Worker Worker(salt=2091221384, workers=1, host=shandytp, username=shandytp, pid=99225) done      dbtDeps()
DEBUG: 1 running tasks, waiting for next task to finish
INFO: Informed scheduler that task   dbtDeps__99914b932b   has status   DONE
DEBUG: Asking scheduler for work...
DEBUG: Pending tasks: 2
INFO: [pid 99225] Worker Worker(salt=2091221384, workers=1, host=shandytp, username=shandytp, pid=99225) running   dbtRun()
INFO: [pid 99225] Worker Worker(salt=2091221384, workers=1, host=shandytp, username=shandytp, pid=99225) done      dbtRun()
DEBUG: 1 running tasks, waiting for next task to finish
INFO: Informed scheduler that task   dbtRun__99914b932b   has status   DONE
DEBUG: Asking scheduler for work...
DEBUG: Pending tasks: 1
INFO: [pid 99225] Worker Worker(salt=2091221384, workers=1, host=shandytp, username=shandytp, pid=99225) running   dbtTest()
INFO: [pid 99225] Worker Worker(salt=2091221384, workers=1, host=shandytp, username=shandytp, pid=99225) done      dbtTest()
DEBUG: 1 running tasks, waiting for next task to finish
INFO: Informed scheduler that task   dbtTest__99914b932b   has status   DONE
DEBUG: Asking scheduler for work...
DEBUG: Done
DEBUG: There are no more tasks to run at this time
INFO: Worker Worker(salt=2091221384, workers=1, host=shandytp, username=shandytp, pid=99225) was stopped. Shutting down Keep-Alive thread
INFO: 
===== Luigi Execution Summary =====

Scheduled 4 tasks of which:
* 4 ran successfully:
    - 1 dbtDebug()
    - 1 dbtDeps()
    - 1 dbtRun()
    - 1 dbtTest()

This progress looks :) because there were no failed tasks or missing dependencies

===== Luigi Execution Summary =====

Success Run dbt debug process
Success Run dbt deps process
Success running dbt data model
Success running testing and create a constraints
